Start at Monday, July 04, 2016    13:47:41
=========================================

Registration Info : 

Windows Version:
Professional  (Build 7600)

Module Info:
Company: fCoder Group, Inc.
Product Name: ImageConverter Plus
Product Version: 8.0.181.100720

CPU Info:
Mode: x32 bit
Vendor: ache 
Vendor ID: Intel Corporation
Extended Processor Name: Pentium® III (0.18 µm) With 1 Or 2 MB On-Die L2 Cache 
Procesor Clock Frequecy: 2994
Logical processors per physical: 16
Stepping code: 9
MMX support: yes
MMX+ support: no
SSE support: yes
SSE2 support: yes
3DNow suppor: no
3DNow+ suppor: no
AI64 support: no
Hyperthreading support: no
L1 cache size: -1
L2 cache size: -1
L3 cache size: -1

Monitor info:
Color depth: 32 Bits per pixel.
Pixel Width: 1366
Pixel Height: 768
Refresh frequency: 60 Hz

Internet Explorer Version: 6.1
Build Number: 7600

Printers list: 
Send To OneNote 2010
NPI63BEB6 (HP LaserJet Professional M1212nf MFP)
Microsoft XPS Document Writer
HP LaserJet Professional M1212nf MFP
HP LaserJet Professional M1210 MFP Series Fax
Foxit Reader PDF Printer
Fax
\\192.168.0.197\HP LaserJet Professional M1212nf MFP
\\192.168.0.34\HP LaserJet Professional M1212nf MFP
\\192.168.0.64\HP LaserJet Professional M1212nf MFP
\\192.168.3.8\HP LaserJet Professional M1212nf MFP
\\ONGIAVOTU-PC\HP LaserJet Professional M1212nf MFP
\\THAM-PC\HP LaserJet Professional M1212nf MFP

Default printer: 
HP LaserJet Professional M1212nf MFP


Profile settings:

Operations:

Format properties:
    Extension: png
    bits per pixel : 24
    compression level : 5
    quantization levels : 8
    dithering : yes
    use source alpha channel for indexed modes : yes

Save properties:
    Destination path: H:\SIP5\code\v3\python\HOG\train\ship\neg\64x128
    convert with subfolders : yes
    restore subfolder structure in target folder : yes
    open target folder after conversion : yes
    create log file in target folder : yes

Target file name properties:
    Name template: {Title}.{Type}
    what to do, if file exists : auto_rename
    delete source images : no

Processing files...

=====================================================================

File 1 of 58

RAM free    :     879.6 of    1919.5 Mb
Virtual free:    1850.6 of    2047.9 Mb
Target free disk space :    3732.0 of   91610.9 Mb
Temp free disk space   :    4812.8 of   50501.2 Mb

Src info : H:\SIP5\code\v3\python\HOG\train\ship\neg\64x128\0000153.jpg
jpg, 64x128px, 24bpp, 1 page(s), 96.000000x96.000000 dpi, 1165 bytes
Load all pages :  ok

Save :  ok

Dest info : H:\SIP5\code\v3\python\HOG\train\ship\neg\64x128\0000153.png
png, 64x128px, 24bpp, 1 page(s), 96.000000x96.000000 dpi, 4575 bytes

=====================================================================

File 2 of 58

RAM free    :     880.0 of    1919.5 Mb
Virtual free:    1850.6 of    2047.9 Mb
Target free disk space :    3731.9 of   91610.9 Mb
Temp free disk space   :    4812.8 of   50501.2 Mb

Src info : H:\SIP5\code\v3\python\HOG\train\ship\neg\64x128\0000154.jpg
jpg, 64x128px, 24bpp, 1 page(s), 96.000000x96.000000 dpi, 1104 bytes
Load all pages :  ok

Save :  ok

Dest info : H:\SIP5\code\v3\python\HOG\train\ship\neg\64x128\0000154.png
png, 64x128px, 24bpp, 1 page(s), 96.000000x96.000000 dpi, 4229 bytes

=====================================================================

File 3 of 58

RAM free    :     880.5 of    1919.5 Mb
Virtual free:    1850.6 of    2047.9 Mb
Target free disk space :    3731.9 of   91610.9 Mb
Temp free disk space   :    4812.8 of   50501.2 Mb

Src info : H:\SIP5\code\v3\python\HOG\train\ship\neg\64x128\0000155.jpg
jpg, 64x128px, 24bpp, 1 page(s), 96.000000x96.000000 dpi, 1204 bytes
Load all pages :  ok

Save :  ok

Dest info : H:\SIP5\code\v3\python\HOG\train\ship\neg\64x128\0000155.png
png, 64x128px, 24bpp, 1 page(s), 96.000000x96.000000 dpi, 4967 bytes

=====================================================================

File 4 of 58

RAM free    :     879.8 of    1919.5 Mb
Virtual free:    1850.6 of    2047.9 Mb
Target free disk space :    3731.9 of   91610.9 Mb
Temp free disk space   :    4812.8 of   50501.2 Mb

Src info : H:\SIP5\code\v3\python\HOG\train\ship\neg\64x128\0000156.jpg
jpg, 64x128px, 24bpp, 1 page(s), 96.000000x96.000000 dpi, 1260 bytes
Load all pages :  ok

Save :  ok

Dest info : H:\SIP5\code\v3\python\HOG\train\ship\neg\64x128\0000156.png
png, 64x128px, 24bpp, 1 page(s), 96.000000x96.000000 dpi, 4989 bytes

=====================================================================

File 5 of 58

RAM free    :     879.3 of    1919.5 Mb
Virtual free:    1850.6 of    2047.9 Mb
Target free disk space :    3731.9 of   91610.9 Mb
Temp free disk space   :    4812.8 of   50501.2 Mb

Src info : H:\SIP5\code\v3\python\HOG\train\ship\neg\64x128\0000157.jpg
jpg, 64x128px, 24bpp, 1 page(s), 96.000000x96.000000 dpi, 1196 bytes
Load all pages :  ok

Save :  ok

Dest info : H:\SIP5\code\v3\python\HOG\train\ship\neg\64x128\0000157.png
png, 64x128px, 24bpp, 1 page(s), 96.000000x96.000000 dpi, 4814 bytes

=====================================================================

File 6 of 58

RAM free    :     880.4 of    1919.5 Mb
Virtual free:    1850.6 of    2047.9 Mb
Target free disk space :    3731.9 of   91610.9 Mb
Temp free disk space   :    4812.8 of   50501.2 Mb

Src info : H:\SIP5\code\v3\python\HOG\train\ship\neg\64x128\0000158.jpg
jpg, 64x128px, 24bpp, 1 page(s), 96.000000x96.000000 dpi, 1068 bytes
Load all pages :  ok

Save :  ok

Dest info : H:\SIP5\code\v3\python\HOG\train\ship\neg\64x128\0000158.png
png, 64x128px, 24bpp, 1 page(s), 96.000000x96.000000 dpi, 3756 bytes

=====================================================================

File 7 of 58

RAM free    :     878.8 of    1919.5 Mb
Virtual free:    1850.6 of    2047.9 Mb
Target free disk space :    3731.9 of   91610.9 Mb
Temp free disk space   :    4812.8 of   50501.2 Mb

Src info : H:\SIP5\code\v3\python\HOG\train\ship\neg\64x128\0000159.jpg
jpg, 64x128px, 24bpp, 1 page(s), 96.000000x96.000000 dpi, 1148 bytes
Load all pages :  ok

Save :  ok

Dest info : H:\SIP5\code\v3\python\HOG\train\ship\neg\64x128\0000159.png
png, 64x128px, 24bpp, 1 page(s), 96.000000x96.000000 dpi, 4564 bytes

=====================================================================

File 8 of 58

RAM free    :     880.1 of    1919.5 Mb
Virtual free:    1850.6 of    2047.9 Mb
Target free disk space :    3731.9 of   91610.9 Mb
Temp free disk space   :    4812.8 of   50501.2 Mb

Src info : H:\SIP5\code\v3\python\HOG\train\ship\neg\64x128\0000160.jpg
jpg, 64x128px, 24bpp, 1 page(s), 96.000000x96.000000 dpi, 1166 bytes
Load all pages :  ok

Save :  ok

Dest info : H:\SIP5\code\v3\python\HOG\train\ship\neg\64x128\0000160.png
png, 64x128px, 24bpp, 1 page(s), 96.000000x96.000000 dpi, 4684 bytes

=====================================================================

File 9 of 58

RAM free    :     878.8 of    1919.5 Mb
Virtual free:    1850.6 of    2047.9 Mb
Target free disk space :    3731.9 of   91610.9 Mb
Temp free disk space   :    4812.8 of   50501.2 Mb

Src info : H:\SIP5\code\v3\python\HOG\train\ship\neg\64x128\0000161.jpg
jpg, 64x128px, 24bpp, 1 page(s), 96.000000x96.000000 dpi, 1170 bytes
Load all pages :  ok

Save :  ok

Dest info : H:\SIP5\code\v3\python\HOG\train\ship\neg\64x128\0000161.png
png, 64x128px, 24bpp, 1 page(s), 96.000000x96.000000 dpi, 4699 bytes

=====================================================================

File 10 of 58

RAM free    :     880.1 of    1919.5 Mb
Virtual free:    1850.6 of    2047.9 Mb
Target free disk space :    3731.9 of   91610.9 Mb
Temp free disk space   :    4812.8 of   50501.2 Mb

Src info : H:\SIP5\code\v3\python\HOG\train\ship\neg\64x128\0000162.jpg
jpg, 64x128px, 24bpp, 1 page(s), 96.000000x96.000000 dpi, 1272 bytes
Load all pages :  ok

Save :  ok

Dest info : H:\SIP5\code\v3\python\HOG\train\ship\neg\64x128\0000162.png
png, 64x128px, 24bpp, 1 page(s), 96.000000x96.000000 dpi, 5340 bytes

=====================================================================

File 11 of 58

RAM free    :     878.9 of    1919.5 Mb
Virtual free:    1850.6 of    2047.9 Mb
Target free disk space :    3731.9 of   91610.9 Mb
Temp free disk space   :    4812.8 of   50501.2 Mb

Src info : H:\SIP5\code\v3\python\HOG\train\ship\neg\64x128\0000163.jpg
jpg, 64x128px, 24bpp, 1 page(s), 96.000000x96.000000 dpi, 1316 bytes
Load all pages :  ok

Save :  ok

Dest info : H:\SIP5\code\v3\python\HOG\train\ship\neg\64x128\0000163.png
png, 64x128px, 24bpp, 1 page(s), 96.000000x96.000000 dpi, 5457 bytes

=====================================================================

File 12 of 58

RAM free    :     880.2 of    1919.5 Mb
Virtual free:    1850.6 of    2047.9 Mb
Target free disk space :    3731.9 of   91610.9 Mb
Temp free disk space   :    4812.8 of   50501.2 Mb

Src info : H:\SIP5\code\v3\python\HOG\train\ship\neg\64x128\0000164.jpg
jpg, 64x128px, 24bpp, 1 page(s), 96.000000x96.000000 dpi, 1328 bytes
Load all pages :  ok

Save :  ok

Dest info : H:\SIP5\code\v3\python\HOG\train\ship\neg\64x128\0000164.png
png, 64x128px, 24bpp, 1 page(s), 96.000000x96.000000 dpi, 5771 bytes

=====================================================================

File 13 of 58

RAM free    :     878.8 of    1919.5 Mb
Virtual free:    1850.6 of    2047.9 Mb
Target free disk space :    3731.9 of   91610.9 Mb
Temp free disk space   :    4812.8 of   50501.2 Mb

Src info : H:\SIP5\code\v3\python\HOG\train\ship\neg\64x128\0000165.jpg
jpg, 64x128px, 24bpp, 1 page(s), 96.000000x96.000000 dpi, 1291 bytes
Load all pages :  ok

Save :  ok

Dest info : H:\SIP5\code\v3\python\HOG\train\ship\neg\64x128\0000165.png
png, 64x128px, 24bpp, 1 page(s), 96.000000x96.000000 dpi, 5589 bytes

=====================================================================

File 14 of 58

RAM free    :     880.2 of    1919.5 Mb
Virtual free:    1850.6 of    2047.9 Mb
Target free disk space :    3731.8 of   91610.9 Mb
Temp free disk space   :    4812.8 of   50501.2 Mb

Src info : H:\SIP5\code\v3\python\HOG\train\ship\neg\64x128\0000166.jpg
jpg, 64x128px, 24bpp, 1 page(s), 96.000000x96.000000 dpi, 1216 bytes
Load all pages :  ok

Save :  ok

Dest info : H:\SIP5\code\v3\python\HOG\train\ship\neg\64x128\0000166.png
png, 64x128px, 24bpp, 1 page(s), 96.000000x96.000000 dpi, 4977 bytes

=====================================================================

File 15 of 58

RAM free    :     879.5 of    1919.5 Mb
Virtual free:    1850.6 of    2047.9 Mb
Target free disk space :    3731.8 of   91610.9 Mb
Temp free disk space   :    4812.8 of   50501.2 Mb

Src info : H:\SIP5\code\v3\python\HOG\train\ship\neg\64x128\0000167.jpg
jpg, 64x128px, 24bpp, 1 page(s), 96.000000x96.000000 dpi, 1289 bytes
Load all pages :  ok

Save :  ok

Dest info : H:\SIP5\code\v3\python\HOG\train\ship\neg\64x128\0000167.png
png, 64x128px, 24bpp, 1 page(s), 96.000000x96.000000 dpi, 5428 bytes

=====================================================================

File 16 of 58

RAM free    :     879.0 of    1919.5 Mb
Virtual free:    1850.6 of    2047.9 Mb
Target free disk space :    3731.8 of   91610.9 Mb
Temp free disk space   :    4812.8 of   50501.2 Mb

Src info : H:\SIP5\code\v3\python\HOG\train\ship\neg\64x128\0000168.jpg
jpg, 64x128px, 24bpp, 1 page(s), 96.000000x96.000000 dpi, 1248 bytes
Load all pages :  ok

Save :  ok

Dest info : H:\SIP5\code\v3\python\HOG\train\ship\neg\64x128\0000168.png
png, 64x128px, 24bpp, 1 page(s), 96.000000x96.000000 dpi, 5248 bytes

=====================================================================

File 17 of 58

RAM free    :     880.0 of    1919.5 Mb
Virtual free:    1850.6 of    2047.9 Mb
Target free disk space :    3731.8 of   91610.9 Mb
Temp free disk space   :    4812.8 of   50501.2 Mb

Src info : H:\SIP5\code\v3\python\HOG\train\ship\neg\64x128\0000169.jpg
jpg, 64x128px, 24bpp, 1 page(s), 96.000000x96.000000 dpi, 1244 bytes
Load all pages :  ok

Save :  ok

Dest info : H:\SIP5\code\v3\python\HOG\train\ship\neg\64x128\0000169.png
png, 64x128px, 24bpp, 1 page(s), 96.000000x96.000000 dpi, 5257 bytes

=====================================================================

File 18 of 58

RAM free    :     878.9 of    1919.5 Mb
Virtual free:    1850.6 of    2047.9 Mb
Target free disk space :    3731.8 of   91610.9 Mb
Temp free disk space   :    4812.8 of   50501.2 Mb

Src info : H:\SIP5\code\v3\python\HOG\train\ship\neg\64x128\0000170.jpg
jpg, 64x128px, 24bpp, 1 page(s), 96.000000x96.000000 dpi, 938 bytes
Load all pages :  ok

Save :  ok

Dest info : H:\SIP5\code\v3\python\HOG\train\ship\neg\64x128\0000170.png
png, 64x128px, 24bpp, 1 page(s), 96.000000x96.000000 dpi, 2746 bytes

=====================================================================

File 19 of 58

RAM free    :     880.2 of    1919.5 Mb
Virtual free:    1850.6 of    2047.9 Mb
Target free disk space :    3731.8 of   91610.9 Mb
Temp free disk space   :    4812.8 of   50501.2 Mb

Src info : H:\SIP5\code\v3\python\HOG\train\ship\neg\64x128\0000171.jpg
jpg, 64x128px, 24bpp, 1 page(s), 96.000000x96.000000 dpi, 864 bytes
Load all pages :  ok

Save :  ok

Dest info : H:\SIP5\code\v3\python\HOG\train\ship\neg\64x128\0000171.png
png, 64x128px, 24bpp, 1 page(s), 96.000000x96.000000 dpi, 1995 bytes

=====================================================================

File 20 of 58

RAM free    :     879.4 of    1919.5 Mb
Virtual free:    1850.6 of    2047.9 Mb
Target free disk space :    3731.8 of   91610.9 Mb
Temp free disk space   :    4812.8 of   50501.2 Mb

Src info : H:\SIP5\code\v3\python\HOG\train\ship\neg\64x128\0000172.jpg
jpg, 64x128px, 24bpp, 1 page(s), 96.000000x96.000000 dpi, 929 bytes
Load all pages :  ok

Save :  ok

Dest info : H:\SIP5\code\v3\python\HOG\train\ship\neg\64x128\0000172.png
png, 64x128px, 24bpp, 1 page(s), 96.000000x96.000000 dpi, 2724 bytes

=====================================================================

File 21 of 58

RAM free    :     878.8 of    1919.5 Mb
Virtual free:    1850.6 of    2047.9 Mb
Target free disk space :    3731.8 of   91610.9 Mb
Temp free disk space   :    4812.8 of   50501.2 Mb

Src info : H:\SIP5\code\v3\python\HOG\train\ship\neg\64x128\0000173.jpg
jpg, 64x128px, 24bpp, 1 page(s), 96.000000x96.000000 dpi, 984 bytes
Load all pages :  ok

Save :  ok

Dest info : H:\SIP5\code\v3\python\HOG\train\ship\neg\64x128\0000173.png
png, 64x128px, 24bpp, 1 page(s), 96.000000x96.000000 dpi, 3121 bytes

=====================================================================

File 22 of 58

RAM free    :     880.1 of    1919.5 Mb
Virtual free:    1850.6 of    2047.9 Mb
Target free disk space :    3731.8 of   91610.9 Mb
Temp free disk space   :    4812.8 of   50501.2 Mb

Src info : H:\SIP5\code\v3\python\HOG\train\ship\neg\64x128\0000174.jpg
jpg, 64x128px, 24bpp, 1 page(s), 96.000000x96.000000 dpi, 931 bytes
Load all pages :  ok

Save :  ok

Dest info : H:\SIP5\code\v3\python\HOG\train\ship\neg\64x128\0000174.png
png, 64x128px, 24bpp, 1 page(s), 96.000000x96.000000 dpi, 2968 bytes

=====================================================================

File 23 of 58

RAM free    :     879.5 of    1919.5 Mb
Virtual free:    1850.6 of    2047.9 Mb
Target free disk space :    3731.8 of   91610.9 Mb
Temp free disk space   :    4812.8 of   50501.2 Mb

Src info : H:\SIP5\code\v3\python\HOG\train\ship\neg\64x128\0000175.jpg
jpg, 64x128px, 24bpp, 1 page(s), 96.000000x96.000000 dpi, 859 bytes
Load all pages :  ok

Save :  ok

Dest info : H:\SIP5\code\v3\python\HOG\train\ship\neg\64x128\0000175.png
png, 64x128px, 24bpp, 1 page(s), 96.000000x96.000000 dpi, 1959 bytes

=====================================================================

File 24 of 58

RAM free    :     878.9 of    1919.5 Mb
Virtual free:    1850.6 of    2047.9 Mb
Target free disk space :    3731.8 of   91610.9 Mb
Temp free disk space   :    4812.8 of   50501.2 Mb

Src info : H:\SIP5\code\v3\python\HOG\train\ship\neg\64x128\0000176.jpg
jpg, 64x128px, 24bpp, 1 page(s), 96.000000x96.000000 dpi, 1123 bytes
Load all pages :  ok

Save :  ok

Dest info : H:\SIP5\code\v3\python\HOG\train\ship\neg\64x128\0000176.png
png, 64x128px, 24bpp, 1 page(s), 96.000000x96.000000 dpi, 3871 bytes

=====================================================================

File 25 of 58

RAM free    :     880.0 of    1919.5 Mb
Virtual free:    1850.6 of    2047.9 Mb
Target free disk space :    3731.8 of   91610.9 Mb
Temp free disk space   :    4812.8 of   50501.2 Mb

Src info : H:\SIP5\code\v3\python\HOG\train\ship\neg\64x128\0000177.jpg
jpg, 64x128px, 24bpp, 1 page(s), 96.000000x96.000000 dpi, 1334 bytes
Load all pages :  ok

Save :  ok

Dest info : H:\SIP5\code\v3\python\HOG\train\ship\neg\64x128\0000177.png
png, 64x128px, 24bpp, 1 page(s), 96.000000x96.000000 dpi, 5512 bytes

=====================================================================

File 26 of 58

RAM free    :     879.5 of    1919.5 Mb
Virtual free:    1850.6 of    2047.9 Mb
Target free disk space :    3731.8 of   91610.9 Mb
Temp free disk space   :    4812.8 of   50501.2 Mb

Src info : H:\SIP5\code\v3\python\HOG\train\ship\neg\64x128\0000178.jpg
jpg, 64x128px, 24bpp, 1 page(s), 96.000000x96.000000 dpi, 1263 bytes
Load all pages :  ok

Save :  ok

Dest info : H:\SIP5\code\v3\python\HOG\train\ship\neg\64x128\0000178.png
png, 64x128px, 24bpp, 1 page(s), 96.000000x96.000000 dpi, 5120 bytes

=====================================================================

File 27 of 58

RAM free    :     878.9 of    1919.5 Mb
Virtual free:    1850.6 of    2047.9 Mb
Target free disk space :    3731.8 of   91610.9 Mb
Temp free disk space   :    4812.8 of   50501.2 Mb

Src info : H:\SIP5\code\v3\python\HOG\train\ship\neg\64x128\0000179.jpg
jpg, 64x128px, 24bpp, 1 page(s), 96.000000x96.000000 dpi, 981 bytes
Load all pages :  ok

Save :  ok

Dest info : H:\SIP5\code\v3\python\HOG\train\ship\neg\64x128\0000179.png
png, 64x128px, 24bpp, 1 page(s), 96.000000x96.000000 dpi, 3399 bytes

=====================================================================

File 28 of 58

RAM free    :     879.7 of    1919.5 Mb
Virtual free:    1850.6 of    2047.9 Mb
Target free disk space :    3731.8 of   91610.9 Mb
Temp free disk space   :    4812.8 of   50501.2 Mb

Src info : H:\SIP5\code\v3\python\HOG\train\ship\neg\64x128\0000180.jpg
jpg, 64x128px, 24bpp, 1 page(s), 96.000000x96.000000 dpi, 1034 bytes
Load all pages :  ok

Save :  ok

Dest info : H:\SIP5\code\v3\python\HOG\train\ship\neg\64x128\0000180.png
png, 64x128px, 24bpp, 1 page(s), 96.000000x96.000000 dpi, 3737 bytes

=====================================================================

File 29 of 58

RAM free    :     878.4 of    1919.5 Mb
Virtual free:    1850.6 of    2047.9 Mb
Target free disk space :    3731.7 of   91610.9 Mb
Temp free disk space   :    4812.8 of   50501.2 Mb

Src info : H:\SIP5\code\v3\python\HOG\train\ship\neg\64x128\0000181.jpg
jpg, 64x128px, 24bpp, 1 page(s), 96.000000x96.000000 dpi, 1050 bytes
Load all pages :  ok

Save :  ok

Dest info : H:\SIP5\code\v3\python\HOG\train\ship\neg\64x128\0000181.png
png, 64x128px, 24bpp, 1 page(s), 96.000000x96.000000 dpi, 3889 bytes

=====================================================================

File 30 of 58

RAM free    :     879.8 of    1919.5 Mb
Virtual free:    1850.6 of    2047.9 Mb
Target free disk space :    3731.7 of   91610.9 Mb
Temp free disk space   :    4812.8 of   50501.2 Mb

Src info : H:\SIP5\code\v3\python\HOG\train\ship\neg\64x128\0000182.jpg
jpg, 64x128px, 24bpp, 1 page(s), 96.000000x96.000000 dpi, 1305 bytes
Load all pages :  ok

Save :  ok

Dest info : H:\SIP5\code\v3\python\HOG\train\ship\neg\64x128\0000182.png
png, 64x128px, 24bpp, 1 page(s), 96.000000x96.000000 dpi, 5174 bytes

=====================================================================

File 31 of 58

RAM free    :     878.5 of    1919.5 Mb
Virtual free:    1850.6 of    2047.9 Mb
Target free disk space :    3731.7 of   91610.9 Mb
Temp free disk space   :    4812.8 of   50501.2 Mb

Src info : H:\SIP5\code\v3\python\HOG\train\ship\neg\64x128\0000183.jpg
jpg, 64x128px, 24bpp, 1 page(s), 96.000000x96.000000 dpi, 1049 bytes
Load all pages :  ok

Save :  ok

Dest info : H:\SIP5\code\v3\python\HOG\train\ship\neg\64x128\0000183.png
png, 64x128px, 24bpp, 1 page(s), 96.000000x96.000000 dpi, 3990 bytes

=====================================================================

File 32 of 58

RAM free    :     879.8 of    1919.5 Mb
Virtual free:    1850.6 of    2047.9 Mb
Target free disk space :    3731.7 of   91610.9 Mb
Temp free disk space   :    4812.8 of   50501.2 Mb

Src info : H:\SIP5\code\v3\python\HOG\train\ship\neg\64x128\0000184.jpg
jpg, 64x128px, 24bpp, 1 page(s), 96.000000x96.000000 dpi, 1106 bytes
Load all pages :  ok

Save :  ok

Dest info : H:\SIP5\code\v3\python\HOG\train\ship\neg\64x128\0000184.png
png, 64x128px, 24bpp, 1 page(s), 96.000000x96.000000 dpi, 4137 bytes

=====================================================================

File 33 of 58

RAM free    :     878.7 of    1919.5 Mb
Virtual free:    1850.6 of    2047.9 Mb
Target free disk space :    3731.7 of   91610.9 Mb
Temp free disk space   :    4812.8 of   50501.2 Mb

Src info : H:\SIP5\code\v3\python\HOG\train\ship\neg\64x128\0000185.jpg
jpg, 64x128px, 24bpp, 1 page(s), 96.000000x96.000000 dpi, 1037 bytes
Load all pages :  ok

Save :  ok

Dest info : H:\SIP5\code\v3\python\HOG\train\ship\neg\64x128\0000185.png
png, 64x128px, 24bpp, 1 page(s), 96.000000x96.000000 dpi, 3771 bytes

=====================================================================

File 34 of 58

RAM free    :     879.9 of    1919.5 Mb
Virtual free:    1850.6 of    2047.9 Mb
Target free disk space :    3731.7 of   91610.9 Mb
Temp free disk space   :    4812.8 of   50501.2 Mb

Src info : H:\SIP5\code\v3\python\HOG\train\ship\neg\64x128\0000186.jpg
jpg, 64x128px, 24bpp, 1 page(s), 96.000000x96.000000 dpi, 1085 bytes
Load all pages :  ok

Save :  ok

Dest info : H:\SIP5\code\v3\python\HOG\train\ship\neg\64x128\0000186.png
png, 64x128px, 24bpp, 1 page(s), 96.000000x96.000000 dpi, 3941 bytes

=====================================================================

File 35 of 58

RAM free    :     878.7 of    1919.5 Mb
Virtual free:    1850.6 of    2047.9 Mb
Target free disk space :    3731.7 of   91610.9 Mb
Temp free disk space   :    4812.8 of   50501.2 Mb

Src info : H:\SIP5\code\v3\python\HOG\train\ship\neg\64x128\0000187.jpg
jpg, 64x128px, 24bpp, 1 page(s), 96.000000x96.000000 dpi, 1032 bytes
Load all pages :  ok

Save :  ok

Dest info : H:\SIP5\code\v3\python\HOG\train\ship\neg\64x128\0000187.png
png, 64x128px, 24bpp, 1 page(s), 96.000000x96.000000 dpi, 3924 bytes

=====================================================================

File 36 of 58

RAM free    :     879.7 of    1919.5 Mb
Virtual free:    1850.6 of    2047.9 Mb
Target free disk space :    3731.7 of   91610.9 Mb
Temp free disk space   :    4812.8 of   50501.2 Mb

Src info : H:\SIP5\code\v3\python\HOG\train\ship\neg\64x128\0000188.jpg
jpg, 64x128px, 24bpp, 1 page(s), 96.000000x96.000000 dpi, 1059 bytes
Load all pages :  ok

Save :  ok

Dest info : H:\SIP5\code\v3\python\HOG\train\ship\neg\64x128\0000188.png
png, 64x128px, 24bpp, 1 page(s), 96.000000x96.000000 dpi, 3921 bytes

=====================================================================

File 37 of 58

RAM free    :     879.1 of    1919.5 Mb
Virtual free:    1850.6 of    2047.9 Mb
Target free disk space :    3731.7 of   91610.9 Mb
Temp free disk space   :    4812.8 of   50501.2 Mb

Src info : H:\SIP5\code\v3\python\HOG\train\ship\neg\64x128\0000189.jpg
jpg, 64x128px, 24bpp, 1 page(s), 96.000000x96.000000 dpi, 1055 bytes
Load all pages :  ok

Save :  ok

Dest info : H:\SIP5\code\v3\python\HOG\train\ship\neg\64x128\0000189.png
png, 64x128px, 24bpp, 1 page(s), 96.000000x96.000000 dpi, 3809 bytes

=====================================================================

File 38 of 58

RAM free    :     878.7 of    1919.5 Mb
Virtual free:    1850.6 of    2047.9 Mb
Target free disk space :    3731.7 of   91610.9 Mb
Temp free disk space   :    4812.8 of   50501.2 Mb

Src info : H:\SIP5\code\v3\python\HOG\train\ship\neg\64x128\0000190.jpg
jpg, 64x128px, 24bpp, 1 page(s), 96.000000x96.000000 dpi, 1214 bytes
Load all pages :  ok

Save :  ok

Dest info : H:\SIP5\code\v3\python\HOG\train\ship\neg\64x128\0000190.png
png, 64x128px, 24bpp, 1 page(s), 96.000000x96.000000 dpi, 4722 bytes

=====================================================================

File 39 of 58

RAM free    :     880.0 of    1919.5 Mb
Virtual free:    1850.6 of    2047.9 Mb
Target free disk space :    3731.7 of   91610.9 Mb
Temp free disk space   :    4812.8 of   50501.2 Mb

Src info : H:\SIP5\code\v3\python\HOG\train\ship\neg\64x128\0000191.jpg
jpg, 64x128px, 24bpp, 1 page(s), 96.000000x96.000000 dpi, 1087 bytes
Load all pages :  ok

Save :  ok

Dest info : H:\SIP5\code\v3\python\HOG\train\ship\neg\64x128\0000191.png
png, 64x128px, 24bpp, 1 page(s), 96.000000x96.000000 dpi, 4237 bytes

=====================================================================

File 40 of 58

RAM free    :     878.8 of    1919.5 Mb
Virtual free:    1850.6 of    2047.9 Mb
Target free disk space :    3731.7 of   91610.9 Mb
Temp free disk space   :    4812.8 of   50501.2 Mb

Src info : H:\SIP5\code\v3\python\HOG\train\ship\neg\64x128\0000192.jpg
jpg, 64x128px, 24bpp, 1 page(s), 96.000000x96.000000 dpi, 1098 bytes
Load all pages :  ok

Save :  ok

Dest info : H:\SIP5\code\v3\python\HOG\train\ship\neg\64x128\0000192.png
png, 64x128px, 24bpp, 1 page(s), 96.000000x96.000000 dpi, 4306 bytes

=====================================================================

File 41 of 58

RAM free    :     880.2 of    1919.5 Mb
Virtual free:    1850.6 of    2047.9 Mb
Target free disk space :    3731.7 of   91610.9 Mb
Temp free disk space   :    4812.8 of   50501.2 Mb

Src info : H:\SIP5\code\v3\python\HOG\train\ship\neg\64x128\0000193.jpg
jpg, 64x128px, 24bpp, 1 page(s), 96.000000x96.000000 dpi, 1152 bytes
Load all pages :  ok

Save :  ok

Dest info : H:\SIP5\code\v3\python\HOG\train\ship\neg\64x128\0000193.png
png, 64x128px, 24bpp, 1 page(s), 96.000000x96.000000 dpi, 4486 bytes

=====================================================================

File 42 of 58

RAM free    :     879.5 of    1919.5 Mb
Virtual free:    1850.6 of    2047.9 Mb
Target free disk space :    3731.7 of   91610.9 Mb
Temp free disk space   :    4812.8 of   50501.2 Mb

Src info : H:\SIP5\code\v3\python\HOG\train\ship\neg\64x128\0000194.jpg
jpg, 64x128px, 24bpp, 1 page(s), 96.000000x96.000000 dpi, 1005 bytes
Load all pages :  ok

Save :  ok

Dest info : H:\SIP5\code\v3\python\HOG\train\ship\neg\64x128\0000194.png
png, 64x128px, 24bpp, 1 page(s), 96.000000x96.000000 dpi, 3113 bytes

=====================================================================

File 43 of 58

RAM free    :     878.8 of    1919.5 Mb
Virtual free:    1850.6 of    2047.9 Mb
Target free disk space :    3731.7 of   91610.9 Mb
Temp free disk space   :    4812.8 of   50501.2 Mb

Src info : H:\SIP5\code\v3\python\HOG\train\ship\neg\64x128\0000195.jpg
jpg, 64x128px, 24bpp, 1 page(s), 96.000000x96.000000 dpi, 1179 bytes
Load all pages :  ok

Save :  ok

Dest info : H:\SIP5\code\v3\python\HOG\train\ship\neg\64x128\0000195.png
png, 64x128px, 24bpp, 1 page(s), 96.000000x96.000000 dpi, 4436 bytes

=====================================================================

File 44 of 58

RAM free    :     878.6 of    1919.5 Mb
Virtual free:    1850.6 of    2047.9 Mb
Target free disk space :    3731.7 of   91610.9 Mb
Temp free disk space   :    4812.8 of   50501.2 Mb

Src info : H:\SIP5\code\v3\python\HOG\train\ship\neg\64x128\0000196.jpg
jpg, 64x128px, 24bpp, 1 page(s), 96.000000x96.000000 dpi, 1106 bytes
Load all pages :  ok

Save :  ok

Dest info : H:\SIP5\code\v3\python\HOG\train\ship\neg\64x128\0000196.png
png, 64x128px, 24bpp, 1 page(s), 96.000000x96.000000 dpi, 4064 bytes

=====================================================================

File 45 of 58

RAM free    :     880.0 of    1919.5 Mb
Virtual free:    1850.6 of    2047.9 Mb
Target free disk space :    3731.7 of   91610.9 Mb
Temp free disk space   :    4812.8 of   50501.2 Mb

Src info : H:\SIP5\code\v3\python\HOG\train\ship\neg\64x128\0000197.jpg
jpg, 64x128px, 24bpp, 1 page(s), 96.000000x96.000000 dpi, 964 bytes
Load all pages :  ok

Save :  ok

Dest info : H:\SIP5\code\v3\python\HOG\train\ship\neg\64x128\0000197.png
png, 64x128px, 24bpp, 1 page(s), 96.000000x96.000000 dpi, 2848 bytes

=====================================================================

File 46 of 58

RAM free    :     879.4 of    1919.5 Mb
Virtual free:    1850.6 of    2047.9 Mb
Target free disk space :    3731.6 of   91610.9 Mb
Temp free disk space   :    4812.8 of   50501.2 Mb

Src info : H:\SIP5\code\v3\python\HOG\train\ship\neg\64x128\0000198.jpg
jpg, 64x128px, 24bpp, 1 page(s), 96.000000x96.000000 dpi, 1014 bytes
Load all pages :  ok

Save :  ok

Dest info : H:\SIP5\code\v3\python\HOG\train\ship\neg\64x128\0000198.png
png, 64x128px, 24bpp, 1 page(s), 96.000000x96.000000 dpi, 2851 bytes

=====================================================================

File 47 of 58

RAM free    :     878.6 of    1919.5 Mb
Virtual free:    1850.6 of    2047.9 Mb
Target free disk space :    3731.6 of   91610.9 Mb
Temp free disk space   :    4812.8 of   50501.2 Mb

Src info : H:\SIP5\code\v3\python\HOG\train\ship\neg\64x128\0000199.jpg
jpg, 64x128px, 24bpp, 1 page(s), 96.000000x96.000000 dpi, 891 bytes
Load all pages :  ok

Save :  ok

Dest info : H:\SIP5\code\v3\python\HOG\train\ship\neg\64x128\0000199.png
png, 64x128px, 24bpp, 1 page(s), 96.000000x96.000000 dpi, 1885 bytes

=====================================================================

File 48 of 58

RAM free    :     878.5 of    1919.5 Mb
Virtual free:    1850.6 of    2047.9 Mb
Target free disk space :    3731.6 of   91610.9 Mb
Temp free disk space   :    4812.8 of   50501.2 Mb

Src info : H:\SIP5\code\v3\python\HOG\train\ship\neg\64x128\0000200.jpg
jpg, 64x128px, 24bpp, 1 page(s), 96.000000x96.000000 dpi, 918 bytes
Load all pages :  ok

Save :  ok

Dest info : H:\SIP5\code\v3\python\HOG\train\ship\neg\64x128\0000200.png
png, 64x128px, 24bpp, 1 page(s), 96.000000x96.000000 dpi, 2614 bytes

=====================================================================

File 49 of 58

RAM free    :     879.8 of    1919.5 Mb
Virtual free:    1850.6 of    2047.9 Mb
Target free disk space :    3731.6 of   91610.9 Mb
Temp free disk space   :    4812.8 of   50501.2 Mb

Src info : H:\SIP5\code\v3\python\HOG\train\ship\neg\64x128\0000201.jpg
jpg, 64x128px, 24bpp, 1 page(s), 96.000000x96.000000 dpi, 882 bytes
Load all pages :  ok

Save :  ok

Dest info : H:\SIP5\code\v3\python\HOG\train\ship\neg\64x128\0000201.png
png, 64x128px, 24bpp, 1 page(s), 96.000000x96.000000 dpi, 2106 bytes

=====================================================================

File 50 of 58

RAM free    :     878.9 of    1919.5 Mb
Virtual free:    1850.6 of    2047.9 Mb
Target free disk space :    3731.6 of   91610.9 Mb
Temp free disk space   :    4812.8 of   50501.2 Mb

Src info : H:\SIP5\code\v3\python\HOG\train\ship\neg\64x128\0000202.jpg
jpg, 64x128px, 24bpp, 1 page(s), 96.000000x96.000000 dpi, 1071 bytes
Load all pages :  ok

Save :  ok

Dest info : H:\SIP5\code\v3\python\HOG\train\ship\neg\64x128\0000202.png
png, 64x128px, 24bpp, 1 page(s), 96.000000x96.000000 dpi, 3410 bytes

=====================================================================

File 51 of 58

RAM free    :     879.9 of    1919.5 Mb
Virtual free:    1850.6 of    2047.9 Mb
Target free disk space :    3731.6 of   91610.9 Mb
Temp free disk space   :    4812.8 of   50501.2 Mb

Src info : H:\SIP5\code\v3\python\HOG\train\ship\neg\64x128\0000203.jpg
jpg, 64x128px, 24bpp, 1 page(s), 96.000000x96.000000 dpi, 1149 bytes
Load all pages :  ok

Save :  ok

Dest info : H:\SIP5\code\v3\python\HOG\train\ship\neg\64x128\0000203.png
png, 64x128px, 24bpp, 1 page(s), 96.000000x96.000000 dpi, 4483 bytes

=====================================================================

File 52 of 58

RAM free    :     879.2 of    1919.5 Mb
Virtual free:    1850.6 of    2047.9 Mb
Target free disk space :    3731.6 of   91610.9 Mb
Temp free disk space   :    4812.8 of   50501.2 Mb

Src info : H:\SIP5\code\v3\python\HOG\train\ship\neg\64x128\0000204.jpg
jpg, 64x128px, 24bpp, 1 page(s), 96.000000x96.000000 dpi, 884 bytes
Load all pages :  ok

Save :  ok

Dest info : H:\SIP5\code\v3\python\HOG\train\ship\neg\64x128\0000204.png
png, 64x128px, 24bpp, 1 page(s), 96.000000x96.000000 dpi, 2104 bytes

=====================================================================

File 53 of 58

RAM free    :     878.2 of    1919.5 Mb
Virtual free:    1850.6 of    2047.9 Mb
Target free disk space :    3731.6 of   91610.9 Mb
Temp free disk space   :    4812.8 of   50501.2 Mb

Src info : H:\SIP5\code\v3\python\HOG\train\ship\neg\64x128\0000205.jpg
jpg, 64x128px, 24bpp, 1 page(s), 96.000000x96.000000 dpi, 973 bytes
Load all pages :  ok

Save :  ok

Dest info : H:\SIP5\code\v3\python\HOG\train\ship\neg\64x128\0000205.png
png, 64x128px, 24bpp, 1 page(s), 96.000000x96.000000 dpi, 3023 bytes

=====================================================================

File 54 of 58

RAM free    :     879.6 of    1919.5 Mb
Virtual free:    1850.6 of    2047.9 Mb
Target free disk space :    3731.6 of   91610.9 Mb
Temp free disk space   :    4812.8 of   50501.2 Mb

Src info : H:\SIP5\code\v3\python\HOG\train\ship\neg\64x128\0000206.jpg
jpg, 64x128px, 24bpp, 1 page(s), 96.000000x96.000000 dpi, 895 bytes
Load all pages :  ok

Save :  ok

Dest info : H:\SIP5\code\v3\python\HOG\train\ship\neg\64x128\0000206.png
png, 64x128px, 24bpp, 1 page(s), 96.000000x96.000000 dpi, 1979 bytes

=====================================================================

File 55 of 58

RAM free    :     878.8 of    1919.5 Mb
Virtual free:    1850.6 of    2047.9 Mb
Target free disk space :    3731.6 of   91610.9 Mb
Temp free disk space   :    4812.8 of   50501.2 Mb

Src info : H:\SIP5\code\v3\python\HOG\train\ship\neg\64x128\0000207.jpg
jpg, 64x128px, 24bpp, 1 page(s), 96.000000x96.000000 dpi, 891 bytes
Load all pages :  ok

Save :  ok

Dest info : H:\SIP5\code\v3\python\HOG\train\ship\neg\64x128\0000207.png
png, 64x128px, 24bpp, 1 page(s), 96.000000x96.000000 dpi, 2026 bytes

=====================================================================

File 56 of 58

RAM free    :     878.5 of    1919.5 Mb
Virtual free:    1850.6 of    2047.9 Mb
Target free disk space :    3731.6 of   91610.9 Mb
Temp free disk space   :    4812.8 of   50501.2 Mb

Src info : H:\SIP5\code\v3\python\HOG\train\ship\neg\64x128\0000208.jpg
jpg, 64x128px, 24bpp, 1 page(s), 96.000000x96.000000 dpi, 833 bytes
Load all pages :  ok

Save :  ok

Dest info : H:\SIP5\code\v3\python\HOG\train\ship\neg\64x128\0000208.png
png, 64x128px, 24bpp, 1 page(s), 96.000000x96.000000 dpi, 1300 bytes

=====================================================================

File 57 of 58

RAM free    :     879.4 of    1919.5 Mb
Virtual free:    1850.6 of    2047.9 Mb
Target free disk space :    3731.6 of   91610.9 Mb
Temp free disk space   :    4812.8 of   50501.2 Mb

Src info : H:\SIP5\code\v3\python\HOG\train\ship\neg\64x128\0000209.jpg
jpg, 64x128px, 24bpp, 1 page(s), 96.000000x96.000000 dpi, 810 bytes
Load all pages :  ok

Save :  ok

Dest info : H:\SIP5\code\v3\python\HOG\train\ship\neg\64x128\0000209.png
png, 64x128px, 24bpp, 1 page(s), 96.000000x96.000000 dpi, 1156 bytes

=====================================================================

File 58 of 58

RAM free    :     878.7 of    1919.5 Mb
Virtual free:    1850.6 of    2047.9 Mb
Target free disk space :    3731.6 of   91610.9 Mb
Temp free disk space   :    4812.8 of   50501.2 Mb

Src info : H:\SIP5\code\v3\python\HOG\train\ship\neg\64x128\0000210.jpg
jpg, 64x128px, 24bpp, 1 page(s), 96.000000x96.000000 dpi, 909 bytes
Load all pages :  ok

Save :  ok

Dest info : H:\SIP5\code\v3\python\HOG\train\ship\neg\64x128\0000210.png
png, 64x128px, 24bpp, 1 page(s), 96.000000x96.000000 dpi, 2510 bytes

Complete at Monday, July 04, 2016    13:47:41
=========================================
